2025-06-15 20:57:39,608 INFO DreamPortal [main] Setting up test suite...
2025-06-15 20:57:42,525 INFO DreamPortal [main] Browser launched for the suite. Session ID: 683e1728be7dabfcfbd828cb5fd67d49
2025-06-15 20:57:44,062 INFO DreamPortal [main] Site opened: https://arjitnigam.github.io/myDreams/
2025-06-15 20:57:44,104 INFO DreamPortal [main] Loader has disappeared.
2025-06-15 20:57:47,544 INFO DreamPortal [main] 'My Dreams' button is visible.
2025-06-15 20:57:47,555 INFO DreamPortal [main] Home Page Window Handle: 524F3BF0DD6781FC0BE345C7BD16FCDB
2025-06-15 20:57:47,918 INFO DreamPortal [main] Clicked on 'My Dreams' button
2025-06-15 20:57:47,943 INFO DreamPortal [main] Successfully waited for 3 windows to be present.
2025-06-15 20:57:48,745 INFO DreamPortal [main] Window Handles Mapped - Home: 524F3BF0DD6781FC0BE345C7BD16FCDB, Diary: 0B2878C44C449C55978967360BBD6CFF, Summary: 905194AA139EA4204C8D8E3B7929359A
2025-06-15 20:57:48,771 INFO DreamPortal [main] Switched back to Home Page for subsequent test execution.
2025-06-15 20:57:48,877 INFO DreamPortal [main] Starting verifyHomePageLoadAndButton test.
2025-06-15 20:57:48,895 INFO DreamPortal [main] Loader has disappeared on Home Page.
2025-06-15 20:57:48,932 INFO DreamPortal [main] 'My Dreams' button is visible on Home Page.
2025-06-15 20:57:48,932 INFO DreamPortal [main] Finished verifyHomePageLoadAndButton test.
2025-06-15 20:57:48,955 INFO DreamPortal [main] Starting verifyDiaryPageData test.
2025-06-15 20:57:49,149 INFO DreamPortal [main] Verified 10 rows are present in the Diary table.
2025-06-15 20:57:50,885 INFO DreamPortal [main] All rows have complete data on Diary page.
2025-06-15 20:57:51,702 INFO DreamPortal [main] All dream types are Good or Bad only on Diary page.
2025-06-15 20:57:51,704 INFO DreamPortal [main] Finished verifyDiaryPageData test.
2025-06-15 20:57:51,720 INFO DreamPortal [main] Starting verifySummaryData test.
2025-06-15 20:58:07,236 ERROR DreamPortal [main] Timeout waiting for 'good' element on Summary Page: Expected condition failed: waiting for visibility of element located by By.xpath: //tbody/tr[1]/td[3] (tried for 15 second(s) with 500 milliseconds interval)
Build info: version: '4.20.0', revision: '866c76ca80'
System info: os.name: 'Windows 11', os.arch: 'amd64', os.version: '10.0', java.version: '17.0.11'
Driver info: org.openqa.selenium.chrome.ChromeDriver
Capabilities {acceptInsecureCerts: false, browserName: chrome, browserVersion: 137.0.7151.104, chrome: {chromedriverVersion: 137.0.7151.70 (dfa4dc56b2ab..., userDataDir: C:\Users\shiva\AppData\Loca...}, fedcm:accounts: true, goog:chromeOptions: {debuggerAddress: localhost:49246}, networkConnectionEnabled: false, pageLoadStrategy: normal, platformName: windows, proxy: Proxy(), se:cdp: ws://localhost:49246/devtoo..., se:cdpVersion: 137.0.7151.104, setWindowRect: true, strictFileInteractability: false, timeouts: {implicit: 0, pageLoad: 300000, script: 30000}, unhandledPromptBehavior: dismiss and notify, webauthn:extension:credBlob: true, webauthn:extension:largeBlob: true, webauthn:extension:minPinLength: true, webauthn:extension:prf: true, webauthn:virtualAuthenticators: true}
Session ID: 683e1728be7dabfcfbd828cb5fd67d49
2025-06-15 20:58:07,248 INFO DreamPortal [main] Attempting to take screenshot.
2025-06-15 20:58:08,017 INFO DreamPortal [main] Tearing down test suite...
2025-06-15 20:58:08,461 INFO DreamPortal [main] Browser closed for the suite.
